app/build/intermediates/manifest_merge_blame_file/debug/manifest-merger-blame-debug-report.txt
1<?xml version="1.0" encoding="utf-8"?>
2<manifest xmlns:android="http://schemas.android.com/apk/res/android"
3    package="com.zingmucsicrelax.zingmucsicplayer"
4    android:versionCode="1"
5    android:versionName="1.0" >
6
7    <uses-sdk
8        android:minSdkVersion="21"
8-->src\main\AndroidManifest.xml
9        android:targetSdkVersion="31" />
9-->src\main\AndroidManifest.xml
10
11    <uses-permission android:name="android.permission.INTERNET" />
11-->src\main\AndroidManifest.xml:4:5-66
11-->src\main\AndroidManifest.xml:4:22-64
12    <uses-permission android:name="android.permission.ACCESS_NETWORK_STATE" />
12-->src\main\AndroidManifest.xml:5:5-78
12-->src\main\AndroidManifest.xml:5:22-76
13
14    <application
14-->src\main\AndroidManifest.xml:8:5-42:19
15        android:allowBackup="true"
15-->src\main\AndroidManifest.xml:11:9-35
16        android:appComponentFactory="androidx.core.app.CoreComponentFactory"
16-->[androidx.core:core:1.7.0] AndroidManifest.xml:24:18-86
17        android:debuggable="true"
18        android:icon="@drawable/logo"
18-->src\main\AndroidManifest.xml:12:9-38
19        android:label="@string/app_name"
19-->src\main\AndroidManifest.xml:13:9-41
20        android:roundIcon="@drawable/logo"
20-->src\main\AndroidManifest.xml:14:9-43
21        android:supportsRtl="true"
21-->src\main\AndroidManifest.xml:15:9-35
22        android:testOnly="true"
23        android:theme="@style/Theme.ZingMucSicPlayer"
23-->src\main\AndroidManifest.xml:16:9-54
24        android:usesCleartextTraffic="true" >
24-->src\main\AndroidManifest.xml:10:9-44
25        <activity
25-->src\main\AndroidManifest.xml:17:8-18:50
26            android:name="com.zingmucsicrelax.zingmucsicplayer.View.PlayList.DanhSachPlayListActivity"
26-->src\main\AndroidManifest.xml:17:18-72
27            android:screenOrientation="portrait" />
27-->src\main\AndroidManifest.xml:18:12-48
28        <activity
28-->src\main\AndroidManifest.xml:19:9-20:51
29            android:name="com.zingmucsicrelax.zingmucsicplayer.View.HomeActivity"
29-->src\main\AndroidManifest.xml:19:19-52
30            android:screenOrientation="portrait" />
30-->src\main\AndroidManifest.xml:20:13-49
31        <activity
31-->src\main\AndroidManifest.xml:21:9-22:51
32            android:name="com.zingmucsicrelax.zingmucsicplayer.View.Player.PlayMusicActivity"
32-->src\main\AndroidManifest.xml:21:19-64
33            android:screenOrientation="portrait" />
33-->src\main\AndroidManifest.xml:22:13-49
34        <activity
34-->src\main\AndroidManifest.xml:23:9-24:51
35            android:name="com.zingmucsicrelax.zingmucsicplayer.View.Account.DangNhapActivity"
35-->src\main\AndroidManifest.xml:23:19-64
36            android:screenOrientation="portrait" />
36-->src\main\AndroidManifest.xml:24:13-49
37        <activity
37-->src\main\AndroidManifest.xml:25:9-26:51
38            android:name="com.zingmucsicrelax.zingmucsicplayer.View.Account.DangKyActivity"
38-->src\main\AndroidManifest.xml:25:19-62
39            android:screenOrientation="portrait" />
39-->src\main\AndroidManifest.xml:26:13-49
40        <activity
40-->src\main\AndroidManifest.xml:27:9-28:51
41            android:name="com.zingmucsicrelax.zingmucsicplayer.View.Love.DanhSachBaiHatYeuThichActivity"
41-->src\main\AndroidManifest.xml:27:19-75
42            android:screenOrientation="portrait" />
42-->src\main\AndroidManifest.xml:28:13-49
43        <activity
43-->src\main\AndroidManifest.xml:29:9-30:51
44            android:name="com.zingmucsicrelax.zingmucsicplayer.View.PlayList.DanhSachBaiHatPlayListActivity"
44-->src\main\AndroidManifest.xml:29:19-79
45            android:screenOrientation="portrait" />
45-->src\main\AndroidManifest.xml:30:13-49
46        <activity
46-->src\main\AndroidManifest.xml:31:9-32:51
47            android:name="com.zingmucsicrelax.zingmucsicplayer.View.SearchActivity"
47-->src\main\AndroidManifest.xml:31:19-54
48            android:screenOrientation="portrait" />
48-->src\main\AndroidManifest.xml:32:13-49
49        <activity
49-->src\main\AndroidManifest.xml:33:9-41:20
50            android:name="com.zingmucsicrelax.zingmucsicplayer.MainActivity"
50-->src\main\AndroidManifest.xml:34:13-41
51            android:exported="true" >
51-->src\main\AndroidManifest.xml:35:13-36
52            <intent-filter>
52-->src\main\AndroidManifest.xml:36:13-40:29
53                <action android:name="android.intent.action.MAIN" />
53-->src\main\AndroidManifest.xml:37:17-69
53-->src\main\AndroidManifest.xml:37:25-66
54
55                <category android:name="android.intent.category.LAUNCHER" />
55-->src\main\AndroidManifest.xml:39:17-77
55-->src\main\AndroidManifest.xml:39:27-74
56            </intent-filter>
57        </activity>
58
59        <provider
59-->[androidx.emoji2:emoji2:1.0.0] AndroidManifest.xml:26:9-34:20
60            android:name="androidx.startup.InitializationProvider"
60-->[androidx.emoji2:emoji2:1.0.0] AndroidManifest.xml:27:13-67
61            android:authorities="com.zingmucsicrelax.zingmucsicplayer.androidx-startup"
61-->[androidx.emoji2:emoji2:1.0.0] AndroidManifest.xml:28:13-68
62            android:exported="false" >
62-->[androidx.emoji2:emoji2:1.0.0] AndroidManifest.xml:29:13-37
63            <meta-data
63-->[androidx.emoji2:emoji2:1.0.0] AndroidManifest.xml:31:13-33:52
64                android:name="androidx.emoji2.text.EmojiCompatInitializer"
64-->[androidx.emoji2:emoji2:1.0.0] AndroidManifest.xml:32:17-75
65                android:value="androidx.startup" />
65-->[androidx.emoji2:emoji2:1.0.0] AndroidManifest.xml:33:17-49
66            <meta-data
66-->[androidx.lifecycle:lifecycle-process:2.4.0] AndroidManifest.xml:31:13-33:52
67                android:name="androidx.lifecycle.ProcessLifecycleInitializer"
67-->[androidx.lifecycle:lifecycle-process:2.4.0] AndroidManifest.xml:32:17-78
68                android:value="androidx.startup" />
68-->[androidx.lifecycle:lifecycle-process:2.4.0] AndroidManifest.xml:33:17-49
69        </provider>
70    </application>
71
72</manifest>